SF:lib\domain\usecases\search_movies.dart
DA:9,1
DA:11,1
DA:12,2
LF:3
LH:3
end_of_record
SF:lib\domain\usecases\search_tv.dart
DA:9,1
DA:11,1
DA:12,2
LF:3
LH:3
end_of_record
SF:lib\presentation\bloc\search_bloc_movie.dart
DA:9,1
DA:10,3
DA:13,3
DA:14,1
DA:15,1
DA:16,1
DA:18,2
DA:19,3
DA:21,1
DA:22,1
DA:23,3
DA:25,1
DA:26,2
DA:30,1
LF:14
LH:14
end_of_record
SF:lib\presentation\bloc\search_event.dart
DA:4,1
DA:6,0
DA:7,0
DA:13,1
DA:15,0
DA:16,0
LF:6
LH:2
end_of_record
SF:lib\presentation\bloc\search_state_movie.dart
DA:5,1
DA:7,1
DA:8,1
DA:18,1
DA:20,1
DA:21,2
DA:27,1
DA:29,1
DA:30,2
LF:9
LH:9
end_of_record
SF:lib\presentation\bloc\search_bloc_tv.dart
DA:9,1
DA:10,3
DA:13,3
DA:14,1
DA:15,1
DA:16,1
DA:18,2
DA:19,3
DA:21,1
DA:22,1
DA:23,3
DA:25,1
DA:26,2
DA:30,1
LF:14
LH:14
end_of_record
SF:lib\presentation\bloc\search_state_tv.dart
DA:5,1
DA:7,1
DA:8,1
DA:18,1
DA:20,1
DA:21,2
DA:27,1
DA:29,1
DA:30,2
LF:9
LH:9
end_of_record
